[    8748ms] [WARNING] Failed to execute 'postMessage' on 'DOMWindow': The target origin provided ('https://www.youtube.com') does not match the recipient window's origin ('https://www.google.com'). @ https://www.youtube.com/s/player/8fb635c2/www-widgetapi.vflset/www-widgetapi.js:209
[   10275ms] [WARNING] ConfigCat - WARN - [3003] Cannot evaluate condition (User.cloud_provider EQUALS '<hashed value>') for setting 'enableSmartRegion' (the User.cloud_provider attribute is missing). You should set the User.cloud_provider attribute in order to make targeting work properly. Read more: https://configcat.com/docs/advanced/user-object/ @ https://frontend-assets.supabase.com/www/978fa7bdfb5d/_next/static/chunks/pages/_app-d95cf25bc1aac870.js?dpl=dpl_7gvfe1ekvfgzi42VHDwhPpQYMtwM:0
[   13245ms] [LOG] Supabase Studio is running commit 978fa7bdfb5d364285ce1c4bacc836440f0d10bc deployed at 2026-05-09 03:19:25 +05:30. @ https://frontend-assets.supabase.com/studio/978fa7bdfb5d/_next/static/chunks/0wz~f2pxngvlu.js?dpl=dpl_5Wb1wiZjZeoMgWCQyEoEtCMP3jUX:12
[   13319ms] [LOG] Supabase Studio is running commit 978fa7bdfb5d364285ce1c4bacc836440f0d10bc deployed at 2026-05-09 03:19:25 +05:30. @ https://frontend-assets.supabase.com/studio/978fa7bdfb5d/_next/static/chunks/0wz~f2pxngvlu.js?dpl=dpl_5Wb1wiZjZeoMgWCQyEoEtCMP3jUX:12
[   13562ms] [ERROR] Failed to load resource: the server responded with a status of 401 () @ https://api.supabase.com/platform/notifications?offset=0&limit=20&status=new%2Cseen:0
[   13580ms] [ERROR] Flag key "headerUpgradeCta" does not exist in PostHog flag store @ https://frontend-assets.supabase.com/studio/978fa7bdfb5d/_next/static/chunks/0wz~f2pxngvlu.js?dpl=dpl_5Wb1wiZjZeoMgWCQyEoEtCMP3jUX:12
[   13596ms] [ERROR] Flag key "headerUpgradeCta" does not exist in PostHog flag store @ https://frontend-assets.supabase.com/studio/978fa7bdfb5d/_next/static/chunks/0wz~f2pxngvlu.js?dpl=dpl_5Wb1wiZjZeoMgWCQyEoEtCMP3jUX:12
[   15291ms] [ERROR] Connecting to 'https://analytics.google.com/g/collect?a=adblocker_check' violates the following Content Security Policy directive: "default-src 'self' https://api.supabase.com http://localhost:8000 https://auth.supabase.io https://otqhrpbxhxkrhrnjqbba.supabase.co ws://localhost:8000 wss://localhost:8000 https://*.supabase.co https://*.storage.supabase.co wss://*.supabase.co https://*.hcaptcha.com https://cdn-global.configcat.com https://configcat.supabase.com https://*.stripe.com https://*.stripe.network https://www.cloudflare.com https://*.vercel-insights.com https://api.github.com https://raw.githubusercontent.com https://frontend-assets.supabase.com https://*.usercentrics.eu https://ss.supabase.com https://maps.googleapis.com https://ph.supabase.com https://cdnjs.cloudflare.com wss://*.pusher.com https://*.ingest.sentry.io https://*.ingest.us.sentry.io https://*.ingest.de.sentry.io". Note that 'connect-src' was not explicitly set, so 'default-src' is used as a fallback. The action has been blocked. @ https://frontend-assets.supabase.com/studio/978fa7bdfb5d/_next/static/chunks/0wz~f2pxngvlu.js?dpl=dpl_5Wb1wiZjZeoMgWCQyEoEtCMP3jUX:12
[   15292ms] [ERROR] Fetch API cannot load https://analytics.google.com/g/collect?a=adblocker_check. Refused to connect because it violates the document's Content Security Policy. @ https://frontend-assets.supabase.com/studio/978fa7bdfb5d/_next/static/chunks/0wz~f2pxngvlu.js?dpl=dpl_5Wb1wiZjZeoMgWCQyEoEtCMP3jUX:12
[   21510ms] [LOG] %c%s color: red; background: yellow; font-size: 24px; WARNING! @ https://www.gstatic.com/_/mss/boq-identity/_/js/k=boq-identity.AccountsSignInUi.en_GB.cgizbmFu3dY.es5.O/am=iW8AAIBQiIKQAcD4_78BAAIgiBp4PQtAE4gMAAAAAAAAAABYAAAAjQ/d=1/excm=_b,_tp,accountchooserview/ed=1/dg=0/wt=2/ujg=1/rs=AOaEmlGvTukL0B3VWMVrWqfUqtr2IFStdg/dti=1/m=_b,_tp:541
[   21510ms] [LOG] %c%s font-size: 18px; Using this console may allow attackers to impersonate you and steal your information using an attack called Self-XSS.
Do not enter or paste code that you don't understand. @ https://www.gstatic.com/_/mss/boq-identity/_/js/k=boq-identity.AccountsSignInUi.en_GB.cgizbmFu3dY.es5.O/am=iW8AAIBQiIKQAcD4_78BAAIgiBp4PQtAE4gMAAAAAAAAAABYAAAAjQ/d=1/excm=_b,_tp,accountchooserview/ed=1/dg=0/wt=2/ujg=1/rs=AOaEmlGvTukL0B3VWMVrWqfUqtr2IFStdg/dti=1/m=_b,_tp:541
[   39789ms] [ERROR] Flag key "headerUpgradeCta" does not exist in PostHog flag store @ https://frontend-assets.supabase.com/studio/978fa7bdfb5d/_next/static/chunks/0wz~f2pxngvlu.js?dpl=dpl_5Wb1wiZjZeoMgWCQyEoEtCMP3jUX:12
[   39839ms] [ERROR] Flag key "headerUpgradeCta" does not exist in PostHog flag store @ https://frontend-assets.supabase.com/studio/978fa7bdfb5d/_next/static/chunks/0wz~f2pxngvlu.js?dpl=dpl_5Wb1wiZjZeoMgWCQyEoEtCMP3jUX:12
[   39908ms] [ERROR] Flag key "headerUpgradeCta" does not exist in PostHog flag store @ https://frontend-assets.supabase.com/studio/978fa7bdfb5d/_next/static/chunks/0wz~f2pxngvlu.js?dpl=dpl_5Wb1wiZjZeoMgWCQyEoEtCMP3jUX:12
[   39912ms] [LOG] Supabase Studio is running commit 978fa7bdfb5d364285ce1c4bacc836440f0d10bc deployed at 2026-05-09 03:19:25 +05:30. @ https://frontend-assets.supabase.com/studio/978fa7bdfb5d/_next/static/chunks/0wz~f2pxngvlu.js?dpl=dpl_5Wb1wiZjZeoMgWCQyEoEtCMP3jUX:12
[   39918ms] [ERROR] Flag key "headerUpgradeCta" does not exist in PostHog flag store @ https://frontend-assets.supabase.com/studio/978fa7bdfb5d/_next/static/chunks/0wz~f2pxngvlu.js?dpl=dpl_5Wb1wiZjZeoMgWCQyEoEtCMP3jUX:12
[   41636ms] [LOG] Supabase Studio is running commit 978fa7bdfb5d364285ce1c4bacc836440f0d10bc deployed at 2026-05-09 03:19:25 +05:30. @ https://frontend-assets.supabase.com/studio/978fa7bdfb5d/_next/static/chunks/0wz~f2pxngvlu.js?dpl=dpl_5Wb1wiZjZeoMgWCQyEoEtCMP3jUX:12
[   41664ms] [ERROR] Flag key "headerUpgradeCta" does not exist in PostHog flag store @ https://frontend-assets.supabase.com/studio/978fa7bdfb5d/_next/static/chunks/0wz~f2pxngvlu.js?dpl=dpl_5Wb1wiZjZeoMgWCQyEoEtCMP3jUX:12
[   41757ms] [ERROR] Flag key "headerUpgradeCta" does not exist in PostHog flag store @ https://frontend-assets.supabase.com/studio/978fa7bdfb5d/_next/static/chunks/0wz~f2pxngvlu.js?dpl=dpl_5Wb1wiZjZeoMgWCQyEoEtCMP3jUX:12
[   41770ms] [ERROR] Flag key "headerUpgradeCta" does not exist in PostHog flag store @ https://frontend-assets.supabase.com/studio/978fa7bdfb5d/_next/static/chunks/0wz~f2pxngvlu.js?dpl=dpl_5Wb1wiZjZeoMgWCQyEoEtCMP3jUX:12
[   42196ms] [WARNING] [Warning] Please install/enable Redux devtools extension @ https://frontend-assets.supabase.com/studio/978fa7bdfb5d/_next/static/chunks/0wz~f2pxngvlu.js?dpl=dpl_5Wb1wiZjZeoMgWCQyEoEtCMP3jUX:12
[   42326ms] [ERROR] Flag key "headerUpgradeCta" does not exist in PostHog flag store @ https://frontend-assets.supabase.com/studio/978fa7bdfb5d/_next/static/chunks/0wz~f2pxngvlu.js?dpl=dpl_5Wb1wiZjZeoMgWCQyEoEtCMP3jUX:12
[   43722ms] [ERROR] Flag key "headerUpgradeCta" does not exist in PostHog flag store @ https://frontend-assets.supabase.com/studio/978fa7bdfb5d/_next/static/chunks/0wz~f2pxngvlu.js?dpl=dpl_5Wb1wiZjZeoMgWCQyEoEtCMP3jUX:12
[   43837ms] [ERROR] Flag key "headerUpgradeCta" does not exist in PostHog flag store @ https://frontend-assets.supabase.com/studio/978fa7bdfb5d/_next/static/chunks/0wz~f2pxngvlu.js?dpl=dpl_5Wb1wiZjZeoMgWCQyEoEtCMP3jUX:12
[   44774ms] [ERROR] Flag key "headerUpgradeCta" does not exist in PostHog flag store @ https://frontend-assets.supabase.com/studio/978fa7bdfb5d/_next/static/chunks/0wz~f2pxngvlu.js?dpl=dpl_5Wb1wiZjZeoMgWCQyEoEtCMP3jUX:12
[   44831ms] [ERROR] Failed to load resource: the server responded with a status of 400 () @ https://api.supabase.com/platform/pg-meta/hxptmbphcdyzhmwnimwh/query?key=migrations:0
[   45454ms] [ERROR] Flag key "headerUpgradeCta" does not exist in PostHog flag store @ https://frontend-assets.supabase.com/studio/978fa7bdfb5d/_next/static/chunks/0wz~f2pxngvlu.js?dpl=dpl_5Wb1wiZjZeoMgWCQyEoEtCMP3jUX:12
